<?xml version="1.0" encoding="UTF-8"?>
<!-- Generated by org.testng.reporters.JUnitReportReporter -->
<testsuite skipped="1" hostname="DESKTOP-MB16O9P" name="autotest.autotest.GetDemo" tests="2" failures="0" timestamp="03 一月 2018 04:41:24 GMT" time="1.958" errors="0">
  <testcase name="searchAreaTest" time="1.958" classname="autotest.autotest.GetDemo"/>
  <testcase name="getDemoTest" classname="autotest.autotest.GetDemo">
    <skipped/>
  </testcase> <!-- getDemoTest -->
</testsuite> <!-- autotest.autotest.GetDemo -->
