<?xml version="1.0" encoding="UTF-8"?>
<!-- Generated by org.testng.reporters.JUnitReportReporter -->
<testsuite skipped="1" hostname="DESKTOP-MB16O9P" name="autotest.autotest.postDemo" tests="2" failures="0" timestamp="27 十二月 2017 11:09:55 GMT" time="1.404" errors="0">
  <testcase name="login" time="1.404" classname="autotest.autotest.postDemo"/>
  <testcase name="addAddress" classname="autotest.autotest.postDemo">
    <skipped/>
  </testcase> <!-- addAddress -->
</testsuite> <!-- autotest.autotest.postDemo -->
