<?xml version="1.0" encoding="UTF-8"?>
<!-- Generated by org.testng.reporters.JUnitReportReporter -->
<testsuite skipped="2" hostname="DESKTOP-MB16O9P" name="autotest.autotest.testcases.zzkgapi.ApiTest" tests="5" failures="0" timestamp="03 一月 2018 10:44:23 GMT" time="2.213" errors="0">
  <testcase name="changeArea" time="0.160" classname="autotest.autotest.testcases.zzkgapi.ApiTest"/>
  <testcase name="changeArea" time="1.842" classname="autotest.autotest.testcases.zzkgapi.ApiTest"/>
  <testcase name="changeArea" time="0.211" classname="autotest.autotest.testcases.zzkgapi.ApiTest"/>
  <testcase name="addAddress" classname="autotest.autotest.testcases.zzkgapi.ApiTest">
    <skipped/>
  </testcase> <!-- addAddress -->
  <testcase name="searchArea" classname="autotest.autotest.testcases.zzkgapi.ApiTest">
    <skipped/>
  </testcase> <!-- searchArea -->
</testsuite> <!-- autotest.autotest.testcases.zzkgapi.ApiTest -->
