<?xml version="1.0" encoding="UTF-8"?>
<!-- Generated by org.testng.reporters.JUnitReportReporter -->
<testsuite hostname="DESKTOP-MB16O9P" name="autotest.autotest.GetDemo" tests="1" failures="0" timestamp="5 Jan 2018 08:19:05 GMT" time="1.935" errors="0">
  <testcase name="searchAreaTest" time="1.935" classname="autotest.autotest.GetDemo"/>
</testsuite> <!-- autotest.autotest.GetDemo -->
