<?xml version="1.0" encoding="UTF-8"?>
<!-- Generated by org.testng.reporters.JUnitReportReporter -->
<testsuite hostname="DESKTOP-MB16O9P" name="autotest.autotest.postDemo" tests="1" failures="0" timestamp="5 Jan 2018 08:19:05 GMT" time="0.900" errors="0">
  <testcase name="clearAddress" time="0.900" classname="autotest.autotest.postDemo"/>
</testsuite> <!-- autotest.autotest.postDemo -->
