<?xml version="1.0" encoding="UTF-8"?>
<!-- Generated by org.testng.reporters.JUnitReportReporter -->
<testsuite skipped="0" hostname="DESKTOP-MB16O9P" name="autotest.autotest.GetDemo" tests="1" failures="0" timestamp="25 十二月 2017 08:49:22 GMT" time="1.052" errors="0">
  <testcase name="getDemoTest" time="1.052" classname="autotest.autotest.GetDemo"/>
</testsuite> <!-- autotest.autotest.GetDemo -->
