<?xml version="1.0" encoding="UTF-8"?>
<!-- Generated by org.testng.reporters.JUnitReportReporter -->
<testsuite hostname="DESKTOP-MB16O9P" name="autotest.autotest.testcases.zzkgapi.ApiTest" tests="85" failures="1" timestamp="4 Jan 2018 06:39:04 GMT" time="12.737" errors="0">
  <testcase name="addAddress" time="0.128" classname="autotest.autotest.testcases.zzkgapi.ApiTest"/>
  <testcase name="addAddress" time="0.136" classname="autotest.autotest.testcases.zzkgapi.ApiTest"/>
  <testcase name="addAddress" time="0.098" classname="autotest.autotest.testcases.zzkgapi.ApiTest"/>
  <testcase name="addAddress" time="0.096" classname="autotest.autotest.testcases.zzkgapi.ApiTest"/>
  <testcase name="addAddress" time="0.122" classname="autotest.autotest.testcases.zzkgapi.ApiTest"/>
  <testcase name="addAddress" time="0.147" classname="autotest.autotest.testcases.zzkgapi.ApiTest"/>
  <testcase name="changeArea" time="0.188" classname="autotest.autotest.testcases.zzkgapi.ApiTest"/>
  <testcase name="addAddress" time="0.094" classname="autotest.autotest.testcases.zzkgapi.ApiTest"/>
  <testcase name="addAddress" time="0.081" classname="autotest.autotest.testcases.zzkgapi.ApiTest"/>
  <testcase name="addAddress" time="0.072" classname="autotest.autotest.testcases.zzkgapi.ApiTest"/>
  <testcase name="addAddress" time="0.095" classname="autotest.autotest.testcases.zzkgapi.ApiTest"/>
  <testcase name="addAddress" time="0.108" classname="autotest.autotest.testcases.zzkgapi.ApiTest"/>
  <testcase name="addAddress" time="0.111" classname="autotest.autotest.testcases.zzkgapi.ApiTest"/>
  <testcase name="addAddress" time="0.111" classname="autotest.autotest.testcases.zzkgapi.ApiTest"/>
  <testcase name="addAddress" time="0.070" classname="autotest.autotest.testcases.zzkgapi.ApiTest"/>
  <testcase name="addAddress" time="0.123" classname="autotest.autotest.testcases.zzkgapi.ApiTest"/>
  <testcase name="addAddress" time="0.105" classname="autotest.autotest.testcases.zzkgapi.ApiTest"/>
  <testcase name="addAddress" time="0.101" classname="autotest.autotest.testcases.zzkgapi.ApiTest"/>
  <testcase name="addAddress" time="0.071" classname="autotest.autotest.testcases.zzkgapi.ApiTest"/>
  <testcase name="addAddress" time="0.120" classname="autotest.autotest.testcases.zzkgapi.ApiTest"/>
  <testcase name="addAddress" time="0.106" classname="autotest.autotest.testcases.zzkgapi.ApiTest"/>
  <testcase name="addAddress" time="0.119" classname="autotest.autotest.testcases.zzkgapi.ApiTest"/>
  <testcase name="addAddress" time="0.113" classname="autotest.autotest.testcases.zzkgapi.ApiTest"/>
  <testcase name="addAddress" time="0.169" classname="autotest.autotest.testcases.zzkgapi.ApiTest"/>
  <testcase name="addAddress" time="0.100" classname="autotest.autotest.testcases.zzkgapi.ApiTest"/>
  <testcase name="addAddress" time="0.248" classname="autotest.autotest.testcases.zzkgapi.ApiTest"/>
  <testcase name="addAddress" time="0.141" classname="autotest.autotest.testcases.zzkgapi.ApiTest"/>
  <testcase name="addAddress" time="0.127" classname="autotest.autotest.testcases.zzkgapi.ApiTest"/>
  <testcase name="changeArea" time="0.184" classname="autotest.autotest.testcases.zzkgapi.ApiTest"/>
  <testcase name="addAddress" time="0.097" classname="autotest.autotest.testcases.zzkgapi.ApiTest"/>
  <testcase name="addAddress" time="0.179" classname="autotest.autotest.testcases.zzkgapi.ApiTest"/>
  <testcase name="getArea" time="0.114" classname="autotest.autotest.testcases.zzkgapi.ApiTest"/>
  <testcase name="addAddress" time="0.170" classname="autotest.autotest.testcases.zzkgapi.ApiTest"/>
  <testcase name="addAddress" time="0.111" classname="autotest.autotest.testcases.zzkgapi.ApiTest"/>
  <testcase name="addAddress" time="0.078" classname="autotest.autotest.testcases.zzkgapi.ApiTest"/>
  <testcase name="addAddress" time="0.067" classname="autotest.autotest.testcases.zzkgapi.ApiTest"/>
  <testcase name="addAddress" time="0.106" classname="autotest.autotest.testcases.zzkgapi.ApiTest"/>
  <testcase name="changeArea" time="1.863" classname="autotest.autotest.testcases.zzkgapi.ApiTest"/>
  <testcase name="addAddress" time="0.096" classname="autotest.autotest.testcases.zzkgapi.ApiTest"/>
  <testcase name="addAddress" time="0.231" classname="autotest.autotest.testcases.zzkgapi.ApiTest"/>
  <testcase name="addAddress" time="0.104" classname="autotest.autotest.testcases.zzkgapi.ApiTest"/>
  <testcase name="addAddress" time="0.129" classname="autotest.autotest.testcases.zzkgapi.ApiTest"/>
  <testcase name="changeArea" time="0.184" classname="autotest.autotest.testcases.zzkgapi.ApiTest"/>
  <testcase name="addAddress" time="0.126" classname="autotest.autotest.testcases.zzkgapi.ApiTest"/>
  <testcase name="addAddress" time="0.099" classname="autotest.autotest.testcases.zzkgapi.ApiTest"/>
  <testcase name="addAddress" time="0.102" classname="autotest.autotest.testcases.zzkgapi.ApiTest"/>
  <testcase name="addAddress" time="0.109" classname="autotest.autotest.testcases.zzkgapi.ApiTest"/>
  <testcase name="addAddress" time="0.069" classname="autotest.autotest.testcases.zzkgapi.ApiTest"/>
  <testcase name="searchArea" time="0.154" classname="autotest.autotest.testcases.zzkgapi.ApiTest"/>
  <testcase name="addAddress" time="0.215" classname="autotest.autotest.testcases.zzkgapi.ApiTest"/>
  <testcase name="addAddress" time="0.098" classname="autotest.autotest.testcases.zzkgapi.ApiTest"/>
  <testcase name="addAddress" time="0.128" classname="autotest.autotest.testcases.zzkgapi.ApiTest"/>
  <testcase name="addAddress" time="0.115" classname="autotest.autotest.testcases.zzkgapi.ApiTest"/>
  <testcase name="addAddress" time="0.119" classname="autotest.autotest.testcases.zzkgapi.ApiTest"/>
  <testcase name="addAddress" time="0.187" classname="autotest.autotest.testcases.zzkgapi.ApiTest"/>
  <testcase name="addAddress" time="0.096" classname="autotest.autotest.testcases.zzkgapi.ApiTest"/>
  <testcase name="addAddress" time="0.097" classname="autotest.autotest.testcases.zzkgapi.ApiTest"/>
  <testcase name="addAddress" time="0.067" classname="autotest.autotest.testcases.zzkgapi.ApiTest"/>
  <testcase name="addAddress" time="0.067" classname="autotest.autotest.testcases.zzkgapi.ApiTest"/>
  <testcase name="addAddress" time="0.097" classname="autotest.autotest.testcases.zzkgapi.ApiTest"/>
  <testcase name="addAddress" time="0.103" classname="autotest.autotest.testcases.zzkgapi.ApiTest"/>
  <testcase name="addAddress" time="0.105" classname="autotest.autotest.testcases.zzkgapi.ApiTest"/>
  <testcase name="addAddress" time="0.068" classname="autotest.autotest.testcases.zzkgapi.ApiTest"/>
  <testcase name="addAddress" time="0.186" classname="autotest.autotest.testcases.zzkgapi.ApiTest"/>
  <testcase name="addAddress" time="0.098" classname="autotest.autotest.testcases.zzkgapi.ApiTest"/>
  <testcase name="addAddress" time="0.118" classname="autotest.autotest.testcases.zzkgapi.ApiTest"/>
  <testcase name="addAddress" time="0.161" classname="autotest.autotest.testcases.zzkgapi.ApiTest"/>
  <testcase name="addAddress" time="0.093" classname="autotest.autotest.testcases.zzkgapi.ApiTest"/>
  <testcase name="addAddress" time="0.115" classname="autotest.autotest.testcases.zzkgapi.ApiTest"/>
  <testcase name="addAddress" time="0.114" classname="autotest.autotest.testcases.zzkgapi.ApiTest"/>
  <testcase name="addAddress" time="0.109" classname="autotest.autotest.testcases.zzkgapi.ApiTest"/>
  <testcase name="addAddress" time="0.113" classname="autotest.autotest.testcases.zzkgapi.ApiTest"/>
  <testcase name="addAddress" time="0.117" classname="autotest.autotest.testcases.zzkgapi.ApiTest"/>
  <testcase name="addAddress" time="0.094" classname="autotest.autotest.testcases.zzkgapi.ApiTest"/>
  <testcase name="addAddress" time="0.083" classname="autotest.autotest.testcases.zzkgapi.ApiTest"/>
  <testcase name="addAddress" time="0.146" classname="autotest.autotest.testcases.zzkgapi.ApiTest"/>
  <testcase name="addAddress" time="0.116" classname="autotest.autotest.testcases.zzkgapi.ApiTest"/>
  <testcase name="addAddress" time="0.081" classname="autotest.autotest.testcases.zzkgapi.ApiTest"/>
  <testcase name="addAddress" time="0.075" classname="autotest.autotest.testcases.zzkgapi.ApiTest"/>
  <testcase name="addAddress" time="0.068" classname="autotest.autotest.testcases.zzkgapi.ApiTest"/>
  <testcase name="addAddress" time="0.136" classname="autotest.autotest.testcases.zzkgapi.ApiTest"/>
  <testcase name="addAddress" time="0.120" classname="autotest.autotest.testcases.zzkgapi.ApiTest"/>
  <testcase name="addAddress" time="0.119" classname="autotest.autotest.testcases.zzkgapi.ApiTest"/>
  <testcase name="addAddress" time="1.129" classname="autotest.autotest.testcases.zzkgapi.ApiTest">
    <failure type="java.lang.AssertionError" message="1 expectation failed.
JSON path msg doesn&#039;t match.
Expected: 成功
  Actual: 服务器出了点小问题，请稍候重试
">
      <![CDATA[java.lang.AssertionError: 1 expectation failed.
JSON path msg doesn't match.
Expected: 成功
  Actual: 服务器出了点小问题，请稍候重试

	at sun.reflect.NativeConstructorAccessorImpl.newInstance0(Native Method)
	at sun.reflect.NativeConstructorAccessorImpl.newInstance(Unknown Source)
	at sun.reflect.DelegatingConstructorAccessorImpl.newInstance(Unknown Source)
	at java.lang.reflect.Constructor.newInstance(Unknown Source)
	at org.codehaus.groovy.reflection.CachedConstructor.invoke(CachedConstructor.java:83)
	at org.codehaus.groovy.reflection.CachedConstructor.doConstructorInvoke(CachedConstructor.java:77)
	at org.codehaus.groovy.runtime.callsite.ConstructorSite$ConstructorSiteNoUnwrap.callConstructor(ConstructorSite.java:84)
	at org.codehaus.groovy.runtime.callsite.CallSiteArray.defaultCallConstructor(CallSiteArray.java:60)
	at org.codehaus.groovy.runtime.callsite.AbstractCallSite.callConstructor(AbstractCallSite.java:235)
	at org.codehaus.groovy.runtime.callsite.AbstractCallSite.callConstructor(AbstractCallSite.java:247)
	at io.restassured.internal.ResponseSpecificationImpl$HamcrestAssertionClosure.validate(ResponseSpecificationImpl.groovy:471)
	at io.restassured.internal.ResponseSpecificationImpl$HamcrestAssertionClosure$validate$1.call(Unknown Source)
	at io.restassured.internal.ResponseSpecificationImpl.validateResponseIfRequired(ResponseSpecificationImpl.groovy:643)
	at sun.reflect.GeneratedMethodAccessor137.invoke(Unknown Source)
	at sun.reflect.DelegatingMethodAccessorImpl.invoke(Unknown Source)
	at java.lang.reflect.Method.invoke(Unknown Source)
	at org.codehaus.groovy.runtime.callsite.PogoMetaMethodSite$PogoCachedMethodSiteNoUnwrapNoCoerce.invoke(PogoMetaMethodSite.java:210)
	at org.codehaus.groovy.runtime.callsite.PogoMetaMethodSite.callCurrent(PogoMetaMethodSite.java:59)
	at org.codehaus.groovy.runtime.callsite.AbstractCallSite.callCurrent(AbstractCallSite.java:166)
	at io.restassured.internal.ResponseSpecificationImpl.content(ResponseSpecificationImpl.groovy:265)
	at io.restassured.specification.ResponseSpecification$content$0.callCurrent(Unknown Source)
	at io.restassured.internal.ResponseSpecificationImpl.body(ResponseSpecificationImpl.groovy:248)
	at io.restassured.internal.ValidatableResponseOptionsImpl.body(ValidatableResponseOptionsImpl.java:268)
	at autotest.autotest.testcases.zzkgapi.ApiTest.addAddress(ApiTest.java:23)
	at sun.reflect.GeneratedMethodAccessor160.invoke(Unknown Source)
	at sun.reflect.DelegatingMethodAccessorImpl.invoke(Unknown Source)
	at java.lang.reflect.Method.invoke(Unknown Source)
	at org.testng.internal.MethodInvocationHelper.invokeMethod(MethodInvocationHelper.java:85)
	at org.testng.internal.Invoker.invokeMethod(Invoker.java:663)
	at org.testng.internal.Invoker.invokeTestMethod(Invoker.java:849)
	at org.testng.internal.Invoker.invokeTestMethods(Invoker.java:1157)
	at org.testng.internal.TestMethodWorker.invokeTestMethods(TestMethodWorker.java:124)
	at org.testng.internal.TestMethodWorker.run(TestMethodWorker.java:108)
	at org.testng.TestRunner.privateRun(TestRunner.java:771)
	at org.testng.TestRunner.run(TestRunner.java:621)
	at org.testng.SuiteRunner.runTest(SuiteRunner.java:357)
	at org.testng.SuiteRunner.runSequentially(SuiteRunner.java:352)
	at org.testng.SuiteRunner.privateRun(SuiteRunner.java:310)
	at org.testng.SuiteRunner.run(SuiteRunner.java:259)
	at org.testng.SuiteRunnerWorker.runSuite(SuiteRunnerWorker.java:52)
	at org.testng.SuiteRunnerWorker.run(SuiteRunnerWorker.java:86)
	at org.testng.TestNG.runSuitesSequentially(TestNG.java:1200)
	at org.testng.TestNG.runSuitesLocally(TestNG.java:1125)
	at org.testng.TestNG.run(TestNG.java:1033)
	at org.testng.remote.RemoteTestNG.run(RemoteTestNG.java:111)
	at org.testng.remote.RemoteTestNG.initAndRun(RemoteTestNG.java:204)
	at org.testng.remote.RemoteTestNG.main(RemoteTestNG.java:175)
]]>
    </failure>
  </testcase> <!-- addAddress -->
  <testcase name="addAddress" time="0.112" classname="autotest.autotest.testcases.zzkgapi.ApiTest"/>
</testsuite> <!-- autotest.autotest.testcases.zzkgapi.ApiTest -->
