<?xml version="1.0" encoding="UTF-8"?>
<!-- Generated by org.testng.reporters.JUnitReportReporter -->
<testsuite skipped="3" hostname="DESKTOP-MB16O9P" name="autotest.autotest.postDemo" tests="4" failures="0" timestamp="03 一月 2018 02:14:07 GMT" time="8.002" errors="0">
  <testcase name="clearAddress" time="8.002" classname="autotest.autotest.postDemo"/>
  <testcase name="login" classname="autotest.autotest.postDemo">
    <skipped/>
  </testcase> <!-- login -->
  <testcase name="addAddress" classname="autotest.autotest.postDemo">
    <skipped/>
  </testcase> <!-- addAddress -->
  <testcase name="clearToken" classname="autotest.autotest.postDemo">
    <skipped/>
  </testcase> <!-- clearToken -->
</testsuite> <!-- autotest.autotest.postDemo -->
