<?xml version="1.0" encoding="UTF-8"?>
<!-- Generated by org.testng.reporters.JUnitReportReporter -->
<testsuite hostname="DESKTOP-MB16O9P" name="autotest.autotest.testcases.zzkgapi.ApiTest" tests="5" failures="0" timestamp="5 Jan 2018 08:19:13 GMT" time="2.197" errors="0">
  <testcase name="changeArea" time="0.176" classname="autotest.autotest.testcases.zzkgapi.ApiTest"/>
  <testcase name="changeArea" time="1.544" classname="autotest.autotest.testcases.zzkgapi.ApiTest"/>
  <testcase name="getArea" time="0.167" classname="autotest.autotest.testcases.zzkgapi.ApiTest"/>
  <testcase name="changeArea" time="0.156" classname="autotest.autotest.testcases.zzkgapi.ApiTest"/>
  <testcase name="changeArea" time="0.154" classname="autotest.autotest.testcases.zzkgapi.ApiTest"/>
</testsuite> <!-- autotest.autotest.testcases.zzkgapi.ApiTest -->
