<?xml version="1.0" encoding="UTF-8"?>
<!-- Generated by org.testng.reporters.JUnitReportReporter -->
<testsuite skipped="3" hostname="DESKTOP-MB16O9P" name="autotest.autotest.postDemo" tests="4" failures="0" timestamp="29 十二月 2017 07:30:13 GMT" time="3.316" errors="0">
  <testcase name="clearAddress" time="3.316" classname="autotest.autotest.postDemo"/>
  <testcase name="login" classname="autotest.autotest.postDemo">
    <skipped/>
  </testcase> <!-- login -->
  <testcase name="addAddress" classname="autotest.autotest.postDemo">
    <skipped/>
  </testcase> <!-- addAddress -->
  <testcase name="clearToken" classname="autotest.autotest.postDemo">
    <skipped/>
  </testcase> <!-- clearToken -->
</testsuite> <!-- autotest.autotest.postDemo -->
