<?xml version="1.0" encoding="UTF-8"?>
<!-- Generated by org.testng.reporters.JUnitReportReporter -->
<testsuite skipped="0" hostname="DESKTOP-MB16O9P" name="autotest.autotest.GetDemo" tests="1" failures="0" timestamp="28 十二月 2017 08:35:15 GMT" time="1.019" errors="0">
  <testcase name="getDemoTest" time="1.019" classname="autotest.autotest.GetDemo"/>
</testsuite> <!-- autotest.autotest.GetDemo -->
