<?xml version="1.0" encoding="UTF-8"?>
<!-- Generated by org.testng.reporters.JUnitReportReporter -->
<testsuite skipped="0" hostname="DESKTOP-MB16O9P" name="autotest.autotest.GetDemo" tests="1" failures="0" timestamp="26 十二月 2017 07:26:47 GMT" time="1.078" errors="0">
  <testcase name="getDemoTest" time="1.078" classname="autotest.autotest.GetDemo"/>
</testsuite> <!-- autotest.autotest.GetDemo -->
