<?xml version="1.0" encoding="UTF-8"?>
<!-- Generated by org.testng.reporters.JUnitReportReporter -->
<testsuite skipped="2" hostname="DESKTOP-MB16O9P" name="autotest.autotest.TryDB" tests="3" failures="0" timestamp="02 一月 2018 07:57:52 GMT" time="0.273" errors="0">
  <testcase name="B" time="0.273" classname="autotest.autotest.TryDB"/>
  <testcase name="A" classname="autotest.autotest.TryDB">
    <skipped/>
  </testcase> <!-- A -->
  <testcase name="C" classname="autotest.autotest.TryDB">
    <skipped/>
  </testcase> <!-- C -->
</testsuite> <!-- autotest.autotest.TryDB -->
